This is pdfTeX, Version 3.14159265-2.6-1.40.19 (TeX Live 2018) (preloaded format=pdflatex 2018.8.6)  21 JAN 2020 22:11
entering extended mode
 restricted \write18 enabled.
 %&-line parsing enabled.
**s
(/usr/local/texlive/2017/texmf-dist/tex/latex/tools/s.tex
LaTeX2e <2018-04-01> patch level 5
File ignored
)
*
! Emergency stop.
<*> s
     
End of file on the terminal!

 
Here is how much of TeX's memory you used:
 7 strings out of 492642
 274 string characters out of 6129385
 56414 words of memory out of 5000000
 3992 multiletter control sequences out of 15000+600000
 3640 words of font info for 14 fonts, out of 8000000 for 9000
 1141 hyphenation exceptions out of 8191
 5i,0n,1p,81b,8s stack positions out of 5000i,500n,10000p,200000b,80000s
!  ==> Fatal error occurred, no output PDF file produced!
